<?xml version="1.0" encoding="UTF-8"?>
<!-- Generated by org.testng.reporters.JUnitReportReporter -->
<testsuite hostname="DESKTOP-QFGAKL3" failures="0" tests="1" name="webTests.TestRunnerWeb" time="15.393" errors="0" timestamp="2021-12-25T18:41:30 IST" skipped="0">
  <testcase classname="webTests.TestRunnerWeb" name="runScenario" time="15.393"/>
  <system-out/>
</testsuite> <!-- webTests.TestRunnerWeb -->
