<?xml version="1.0" encoding="UTF-8"?>
<!-- Generated by org.testng.reporters.JUnitReportReporter -->
<testsuite hostname="DESKTOP-QFGAKL3" failures="0" tests="1" name="tests.TestRunner" time="1.640" errors="0" timestamp="2021-12-25T15:44:44 IST" skipped="0">
  <testcase classname="tests.TestRunner" name="runScenario" time="1.640"/>
  <system-out/>
</testsuite> <!-- tests.TestRunner -->
