<?xml version="1.0" encoding="UTF-8"?>
<!-- Generated by org.testng.reporters.JUnitReportReporter -->
<testsuite hostname="DESKTOP-QFGAKL3" failures="0" tests="1" name="apiTests.TestRunnerApi" time="4.061" errors="0" timestamp="2021-12-25T22:45:02 IST" skipped="0">
  <testcase classname="apiTests.TestRunnerApi" name="runScenario" time="4.061"/>
  <system-out/>
</testsuite> <!-- apiTests.TestRunnerApi -->
