<?xml version="1.0" encoding="UTF-8"?>
<!-- Generated by org.testng.reporters.JUnitReportReporter -->
<testsuite hostname="DESKTOP-QFGAKL3" failures="0" tests="1" name="tests.TestRunnerMobile" time="1.648" errors="0" timestamp="2021-12-25T22:48:33 IST" skipped="0">
  <testcase classname="tests.TestRunnerMobile" name="runScenario" time="1.648"/>
  <system-out/>
</testsuite> <!-- tests.TestRunnerMobile -->
